<?xml version="1.0" encoding="UTF-8"?>
<testng-results total="1" passed="0" failed="1" skipped="0">
  <reporter-output>
  </reporter-output>
  <suite started-at="2023-12-11T10:14:04Z" name="Default suite" finished-at="2023-12-11T10:15:00Z" duration-ms="56142">
    <groups>
    </groups>
    <test started-at="2023-12-11T10:14:04Z" name="Default test" finished-at="2023-12-11T10:15:00Z" duration-ms="56142">
      <class name="oi.NewTest">
        <test-method is-config="true" signature="login()[pri:0, instance:oi.NewTest@742ff096]" started-at="2023-12-11T15:44:04Z" name="login" finished-at="2023-12-11T15:45:00Z" duration-ms="56086" status="PASS">
          <reporter-output>
          </reporter-output>
        </test-method> <!-- login -->
        <test-method signature="SSLcert()[pri:0, instance:oi.NewTest@742ff096]" started-at="2023-12-11T15:45:00Z" name="SSLcert" finished-at="2023-12-11T15:45:00Z" duration-ms="27" status="FAIL">
          <exception class="java.lang.NullPointerException">
            <message>
              <![CDATA[Cannot invoke "org.apache.poi.hssf.usermodel.HSSFSheet.getLastRowNum()" because "Utilities.Excelutil.sheet" is null]]>
            </message>
            <full-stacktrace>
              <![CDATA[java.lang.NullPointerException: Cannot invoke "org.apache.poi.hssf.usermodel.HSSFSheet.getLastRowNum()" because "Utilities.Excelutil.sheet" is null
	at Utilities.Excelutil.getRowCountInSheet(Excelutil.java:42)
	at oi.NewTest.SSLcert(NewTest.java:209)
	at java.base/jdk.internal.reflect.DirectMethodHandleAccessor.invoke(DirectMethodHandleAccessor.java:104)
	at java.base/java.lang.reflect.Method.invoke(Method.java:577)
	at org.testng.internal.MethodInvocationHelper.invokeMethod(MethodInvocationHelper.java:80)
	at org.testng.internal.Invoker.invokeMethod(Invoker.java:714)
	at org.testng.internal.Invoker.invokeTestMethod(Invoker.java:901)
	at org.testng.internal.Invoker.invokeTestMethods(Invoker.java:1231)
	at org.testng.internal.TestMethodWorker.invokeTestMethods(TestMethodWorker.java:127)
	at org.testng.internal.TestMethodWorker.run(TestMethodWorker.java:111)
	at org.testng.TestRunner.privateRun(TestRunner.java:767)
	at org.testng.TestRunner.run(TestRunner.java:617)
	at org.testng.SuiteRunner.runTest(SuiteRunner.java:334)
	at org.testng.SuiteRunner.runSequentially(SuiteRunner.java:329)
	at org.testng.SuiteRunner.privateRun(SuiteRunner.java:291)
	at org.testng.SuiteRunner.run(SuiteRunner.java:240)
	at org.testng.SuiteRunnerWorker.runSuite(SuiteRunnerWorker.java:52)
	at org.testng.SuiteRunnerWorker.run(SuiteRunnerWorker.java:86)
	at org.testng.TestNG.runSuitesSequentially(TestNG.java:1198)
	at org.testng.TestNG.runSuitesLocally(TestNG.java:1123)
	at org.testng.TestNG.run(TestNG.java:1031)
	at org.testng.remote.AbstractRemoteTestNG.run(AbstractRemoteTestNG.java:115)
	at org.testng.remote.RemoteTestNG.initAndRun(RemoteTestNG.java:251)
	at org.testng.remote.RemoteTestNG.main(RemoteTestNG.java:77)
]]>
            </full-stacktrace>
          </exception> <!-- java.lang.NullPointerException -->
          <reporter-output>
          </reporter-output>
        </test-method> <!-- SSLcert -->
        <test-method is-config="true" signature="mail()[pri:0, instance:oi.NewTest@742ff096]" started-at="2023-12-11T15:45:00Z" name="mail" finished-at="2023-12-11T15:45:08Z" duration-ms="8513" status="PASS">
          <reporter-output>
          </reporter-output>
        </test-method> <!-- mail -->
      </class> <!-- oi.NewTest -->
    </test> <!-- Default test -->
  </suite> <!-- Default suite -->
</testng-results>
